{
  "RSpec": {
    "coverage": {
      "/Users/cathyrolfs/TOP/repos/odin-rails-facebook/spec/features/comment_spec.rb": {
        "lines": [
          1,
          null,
          1,
          3,
          3,
          3,
          3,
          3,
          null,
          1,
          1,
          1,
          1,
          1,
          null,
          null,
          null,
          null,
          null,
          1,
          null,
          null,
          null,
          null
        ]
      },
      "/Users/cathyrolfs/TOP/repos/odin-rails-facebook/spec/rails_helper.rb": {
        "lines": [
          null,
          1,
          1,
          1,
          null,
          1,
          1,
          null,
          null,
          null,
          null,
          null,
          null,
          null,
          null,
          null,
          null,
          null,
          null,
          null,
          null,
          null,
          null,
          null,
          null,
          null,
          null,
          1,
          null,
          0,
          null,
          1,
          null,
          1,
          null,
          null,
          null,
          null,
          1,
          null,
          null,
          null,
          null,
          null,
          null,
          null,
          null,
          null,
          null,
          null,
          null,
          null,
          null,
          null,
          null,
          null,
          1,
          null,
          null,
          1,
          null,
          null,
          null,
          null,
          1,
          1,
          null
        ]
      },
      "/Users/cathyrolfs/TOP/repos/odin-rails-facebook/config/environment.rb": {
        "lines": [
          null,
          1,
          null,
          null,
          1
        ]
      },
      "/Users/cathyrolfs/TOP/repos/odin-rails-facebook/config/application.rb": {
        "lines": [
          1,
          null,
          1,
          null,
          null,
          null,
          1,
          null,
          1,
          1,
          null,
          1,
          null,
          null,
          null,
          null,
          null,
          null,
          null,
          null,
          null,
          null
        ]
      },
      "/Users/cathyrolfs/TOP/repos/odin-rails-facebook/config/boot.rb": {
        "lines": [
          1,
          null,
          1,
          1
        ]
      },
      "/Users/cathyrolfs/TOP/repos/odin-rails-facebook/config/environments/test.rb": {
        "lines": [
          1,
          null,
          null,
          null,
          null,
          null,
          null,
          1,
          null,
          null,
          null,
          1,
          null,
          null,
          null,
          null,
          1,
          null,
          null,
          1,
          1,
          null,
          null,
          null,
          null,
          1,
          1,
          1,
          null,
          null,
          1,
          null,
          null,
          1,
          null,
          null,
          1,
          null,
          1,
          null,
          null,
          null,
          null,
          1,
          null,
          null,
          1,
          null,
          null,
          1,
          null,
          null,
          1,
          null,
          null,
          null,
          null,
          null,
          null,
          null
        ]
      },
      "/Users/cathyrolfs/TOP/repos/odin-rails-facebook/config/initializers/assets.rb": {
        "lines": [
          null,
          null,
          null,
          1,
          null,
          null,
          null,
          null,
          null,
          null,
          null,
          null
        ]
      },
      "/Users/cathyrolfs/TOP/repos/odin-rails-facebook/config/initializers/content_security_policy.rb": {
        "lines": [
          null,
          null,
          null,
          null,
          null,
          null,
          null,
          null,
          null,
          null,
          null,
          null,
          null,
          null,
          null,
          null,
          null,
          null,
          null,
          null,
          null,
          null,
          null,
          null,
          null
        ]
      },
      "/Users/cathyrolfs/TOP/repos/odin-rails-facebook/config/initializers/devise.rb": {
        "lines": [
          null,
          null,
          null,
          null,
          null,
          null,
          null,
          null,
          null,
          null,
          1,
          null,
          null,
          null,
          null,
          null,
          null,
          null,
          null,
          null,
          null,
          null,
          null,
          null,
          null,
          null,
          1,
          null,
          null,
          null,
          null,
          null,
          null,
          null,
          null,
          null,
          null,
          null,
          1,
          null,
          null,
          null,
          null,
          null,
          null,
          null,
          null,
          null,
          null,
          null,
          null,
          null,
          null,
          null,
          null,
          null,
          null,
          null,
          null,
          null,
          1,
          null,
          null,
          null,
          null,
          1,
          null,
          null,
          null,
          null,
          null,
          null,
          null,
          null,
          null,
          null,
          null,
          null,
          null,
          null,
          null,
          null,
          null,
          null,
          null,
          null,
          null,
          null,
          null,
          null,
          null,
          null,
          null,
          null,
          null,
          null,
          null,
          null,
          null,
          1,
          null,
          null,
          null,
          null,
          null,
          null,
          null,
          null,
          null,
          null,
          null,
          null,
          null,
          null,
          null,
          null,
          null,
          null,
          null,
          null,
          null,
          null,
          null,
          null,
          null,
          1,
          null,
          null,
          null,
          null,
          null,
          null,
          null,
          null,
          null,
          null,
          null,
          null,
          null,
          null,
          null,
          null,
          null,
          null,
          null,
          null,
          null,
          null,
          null,
          null,
          null,
          null,
          null,
          null,
          null,
          null,
          null,
          null,
          null,
          1,
          null,
          null,
          null,
          null,
          null,
          null,
          null,
          null,
          null,
          1,
          null,
          null,
          null,
          null,
          null,
          null,
          null,
          null,
          null,
          null,
          1,
          null,
          null,
          null,
          null,
          1,
          null,
          null,
          null,
          null,
          null,
          null,
          null,
          null,
          null,
          null,
          null,
          null,
          null,
          null,
          null,
          null,
          null,
          null,
          null,
          null,
          null,
          null,
          null,
          null,
          null,
          null,
          null,
          null,
          null,
          null,
          null,
          null,
          null,
          null,
          null,
          null,
          null,
          null,
          null,
          null,
          1,
          null,
          null,
          null,
          null,
          null,
          null,
          null,
          null,
          null,
          null,
          null,
          null,
          null,
          null,
          null,
          null,
          null,
          null,
          null,
          null,
          null,
          null,
          null,
          null,
          null,
          null,
          null,
          null,
          null,
          null,
          null,
          null,
          null,
          null,
          null,
          null,
          null,
          null,
          null,
          null,
          null,
          1,
          null,
          null,
          null,
          null,
          null,
          null,
          null,
          null,
          null,
          null,
          null,
          null,
          null,
          null,
          null,
          null,
          null,
          null,
          null,
          null,
          null,
          null,
          null,
          null,
          null,
          null,
          null,
          null,
          null,
          null,
          null,
          null,
          null,
          null,
          null,
          1,
          1,
          null,
          null,
          null,
          null,
          null,
          null,
          null,
          1,
          null
        ]
      },
      "/Users/cathyrolfs/TOP/repos/odin-rails-facebook/config/initializers/filter_parameter_logging.rb": {
        "lines": [
          null,
          null,
          null,
          null,
          null,
          1,
          null,
          null
        ]
      },
      "/Users/cathyrolfs/TOP/repos/odin-rails-facebook/config/initializers/inflections.rb": {
        "lines": [
          null,
          null,
          null,
          null,
          null,
          null,
          null,
          null,
          null,
          null,
          null,
          null,
          null,
          null,
          null,
          null
        ]
      },
      "/Users/cathyrolfs/TOP/repos/odin-rails-facebook/config/initializers/permissions_policy.rb": {
        "lines": [
          null,
          null,
          null,
          null,
          null,
          null,
          null,
          null,
          null,
          null,
          null
        ]
      },
      "/Users/cathyrolfs/TOP/repos/odin-rails-facebook/test/factories/notifications.rb": {
        "lines": [
          1,
          1,
          1,
          1,
          1,
          null,
          null
        ]
      },
      "/Users/cathyrolfs/TOP/repos/odin-rails-facebook/spec/factories/user.rb": {
        "lines": [
          1,
          1,
          1,
          38,
          38,
          38,
          38,
          null,
          null,
          1,
          38,
          38,
          38,
          38,
          null,
          null,
          null
        ]
      },
      "/Users/cathyrolfs/TOP/repos/odin-rails-facebook/config/routes.rb": {
        "lines": [
          1,
          1,
          null,
          null,
          null,
          null,
          1,
          1,
          1,
          1,
          null,
          null,
          1,
          1,
          null,
          null,
          1,
          1,
          1,
          null,
          null,
          null,
          null,
          null
        ]
      },
      "/Users/cathyrolfs/TOP/repos/odin-rails-facebook/app/models/user.rb": {
        "lines": [
          1,
          null,
          null,
          1,
          null,
          1,
          1,
          null,
          1,
          1,
          1,
          1,
          null,
          null,
          1,
          147,
          61,
          null,
          null,
          1,
          147,
          61,
          null,
          1,
          22,
          null,
          null,
          1,
          73,
          null,
          null,
          1,
          30,
          null,
          null,
          1,
          29,
          null,
          null,
          null
        ]
      },
      "/Users/cathyrolfs/TOP/repos/odin-rails-facebook/app/models/application_record.rb": {
        "lines": [
          1,
          1,
          null
        ]
      },
      "/Users/cathyrolfs/TOP/repos/odin-rails-facebook/app/helpers/application_helper.rb": {
        "lines": [
          1,
          null
        ]
      },
      "/Users/cathyrolfs/TOP/repos/odin-rails-facebook/app/helpers/comments_helper.rb": {
        "lines": [
          1,
          null
        ]
      },
      "/Users/cathyrolfs/TOP/repos/odin-rails-facebook/app/helpers/friendships_helper.rb": {
        "lines": [
          1,
          null
        ]
      },
      "/Users/cathyrolfs/TOP/repos/odin-rails-facebook/app/helpers/likes_helper.rb": {
        "lines": [
          1,
          null
        ]
      },
      "/Users/cathyrolfs/TOP/repos/odin-rails-facebook/app/helpers/notifications_helper.rb": {
        "lines": [
          1,
          null
        ]
      },
      "/Users/cathyrolfs/TOP/repos/odin-rails-facebook/app/helpers/posts_helper.rb": {
        "lines": [
          1,
          null
        ]
      },
      "/Users/cathyrolfs/TOP/repos/odin-rails-facebook/app/helpers/users_helper.rb": {
        "lines": [
          1,
          null
        ]
      },
      "/Users/cathyrolfs/TOP/repos/odin-rails-facebook/spec/features/friendship_spec.rb": {
        "lines": [
          1,
          null,
          1,
          9,
          9,
          null,
          1,
          1,
          1,
          1,
          1,
          null,
          null,
          1,
          1,
          1,
          1,
          1,
          null,
          null,
          1,
          1,
          1,
          1,
          1,
          null,
          null,
          null,
          1,
          1,
          1,
          1,
          1,
          1,
          null,
          1,
          1,
          1,
          1,
          null,
          null,
          null,
          1,
          1,
          1,
          1,
          1,
          1,
          1,
          1,
          null,
          null,
          1,
          1,
          1,
          1,
          1,
          null,
          1,
          1,
          1,
          1,
          null,
          null,
          null,
          1,
          1,
          1,
          1,
          1,
          1,
          null,
          1,
          1,
          1,
          1,
          null,
          1,
          1,
          1,
          1,
          null,
          null,
          1,
          1,
          1,
          1,
          1,
          null,
          1,
          1,
          1,
          1,
          1,
          null,
          null,
          null
        ]
      },
      "/Users/cathyrolfs/TOP/repos/odin-rails-facebook/spec/features/like_spec.rb": {
        "lines": [
          1,
          null,
          1,
          5,
          5,
          null,
          1,
          1,
          4,
          4,
          4,
          4,
          4,
          null,
          null,
          1,
          1,
          null,
          null,
          1,
          1,
          null,
          null,
          1,
          1,
          1,
          1,
          null,
          1,
          1,
          1,
          1,
          1,
          null,
          null,
          1,
          1,
          1,
          1,
          null,
          null,
          null
        ]
      },
      "/Users/cathyrolfs/TOP/repos/odin-rails-facebook/spec/features/notification_comment_spec.rb": {
        "lines": [
          1,
          null,
          null,
          null,
          1,
          4,
          4,
          4,
          4,
          4,
          null,
          1,
          1,
          null,
          null,
          null,
          null,
          null,
          1,
          null,
          null,
          null,
          1,
          null,
          null,
          null,
          1,
          null,
          null,
          null,
          null
        ]
      },
      "/Users/cathyrolfs/TOP/repos/odin-rails-facebook/spec/features/notification_friendship_spec.rb": {
        "lines": [
          1,
          null,
          1,
          5,
          5,
          null,
          1,
          1,
          1,
          1,
          1,
          null,
          null,
          null,
          1,
          1,
          3,
          3,
          3,
          3,
          null,
          3,
          3,
          null,
          null,
          1,
          1,
          null,
          null,
          1,
          1,
          null,
          null,
          1,
          1,
          1,
          1,
          1,
          null,
          null,
          null,
          null
        ]
      },
      "/Users/cathyrolfs/TOP/repos/odin-rails-facebook/spec/features/notification_like_spec.rb": {
        "lines": [
          1,
          null,
          1,
          4,
          4,
          4,
          4,
          null,
          1,
          1,
          3,
          3,
          3,
          3,
          3,
          3,
          null,
          null,
          1,
          1,
          null,
          null,
          1,
          1,
          null,
          null,
          1,
          1,
          1,
          1,
          1,
          null,
          null,
          null,
          null
        ]
      },
      "/Users/cathyrolfs/TOP/repos/odin-rails-facebook/spec/features/post_spec.rb": {
        "lines": [
          1,
          null,
          1,
          9,
          9,
          null,
          1,
          1,
          7,
          7,
          7,
          7,
          null,
          null,
          1,
          1,
          1,
          null,
          null,
          1,
          1,
          1,
          1,
          null,
          1,
          1,
          1,
          1,
          1,
          null,
          null,
          1,
          1,
          1,
          1,
          null,
          null,
          1,
          1,
          1,
          null,
          null,
          1,
          1,
          1,
          1,
          null,
          1,
          1,
          1,
          1,
          1,
          1,
          null,
          null,
          1,
          1,
          1,
          1,
          1,
          null,
          null,
          1,
          1,
          1,
          1,
          null,
          1,
          1,
          1,
          1,
          1,
          null,
          null,
          null,
          1,
          1,
          1,
          1,
          1,
          1,
          null,
          null,
          null
        ]
      },
      "/Users/cathyrolfs/TOP/repos/odin-rails-facebook/spec/features/user_spec.rb": {
        "lines": [
          1,
          null,
          1,
          6,
          6,
          null,
          1,
          1,
          1,
          1,
          null,
          null,
          null,
          1,
          1,
          1,
          1,
          1,
          null,
          null,
          null,
          1,
          1,
          1,
          1,
          1,
          1,
          null,
          null,
          null,
          1,
          1,
          1,
          1,
          1,
          1,
          1,
          1,
          null,
          null,
          1,
          1,
          1,
          1,
          null,
          null,
          null
        ]
      },
      "/Users/cathyrolfs/TOP/repos/odin-rails-facebook/app/models/friendship.rb": {
        "lines": [
          1,
          1,
          1,
          1,
          null,
          337,
          165,
          null,
          1,
          7,
          null,
          null,
          1,
          null,
          null,
          null
        ]
      },
      "/Users/cathyrolfs/TOP/repos/odin-rails-facebook/app/models/post.rb": {
        "lines": [
          1,
          1,
          null,
          1,
          1,
          1,
          null,
          1,
          30,
          null,
          null,
          null,
          null
        ]
      },
      "/Users/cathyrolfs/TOP/repos/odin-rails-facebook/app/models/comment.rb": {
        "lines": [
          1,
          1,
          null,
          1,
          1,
          1,
          null
        ]
      },
      "/Users/cathyrolfs/TOP/repos/odin-rails-facebook/app/controllers/posts_controller.rb": {
        "lines": [
          1,
          1,
          43,
          null,
          null,
          43,
          null,
          null,
          1,
          1,
          null,
          null,
          1,
          0,
          null,
          null,
          1,
          12,
          null,
          12,
          12,
          11,
          null,
          1,
          null,
          null,
          null,
          1,
          1,
          null,
          null,
          1,
          1,
          null,
          1,
          1,
          null,
          0,
          null,
          null,
          null,
          1,
          1,
          1,
          null,
          1,
          1,
          null,
          null,
          1,
          null,
          1,
          13,
          null,
          null
        ]
      },
      "/Users/cathyrolfs/TOP/repos/odin-rails-facebook/app/controllers/application_controller.rb": {
        "lines": [
          1,
          1,
          1,
          null,
          1,
          31,
          null,
          null,
          null
        ]
      },
      "/Users/cathyrolfs/TOP/repos/odin-rails-facebook/app/models/like.rb": {
        "lines": [
          1,
          1,
          1,
          1,
          null
        ]
      },
      "/Users/cathyrolfs/TOP/repos/odin-rails-facebook/app/models/notification.rb": {
        "lines": [
          1,
          1,
          1,
          null,
          1,
          null,
          232,
          10,
          1,
          1,
          1,
          null,
          null,
          null
        ]
      },
      "/Users/cathyrolfs/TOP/repos/odin-rails-facebook/app/controllers/users_controller.rb": {
        "lines": [
          1,
          1,
          0,
          null,
          null,
          1,
          34,
          null,
          null,
          1,
          1,
          null,
          null,
          1,
          1,
          null,
          1,
          1,
          null,
          0,
          null,
          null,
          null,
          1,
          null,
          1,
          1,
          null,
          null,
          null
        ]
      },
      "/Users/cathyrolfs/TOP/repos/odin-rails-facebook/app/controllers/friendships_controller.rb": {
        "lines": [
          1,
          1,
          22,
          null,
          null,
          1,
          14,
          null,
          14,
          null,
          14,
          14,
          null,
          null,
          1,
          0,
          null,
          null,
          1,
          7,
          null,
          7,
          null,
          7,
          7,
          7,
          null,
          0,
          null,
          null,
          null,
          1,
          4,
          4,
          null,
          4,
          null,
          null,
          1,
          null,
          1,
          0,
          null,
          null
        ]
      },
      "/Users/cathyrolfs/TOP/repos/odin-rails-facebook/app/controllers/likes_controller.rb": {
        "lines": [
          1,
          null,
          1,
          7,
          7,
          7,
          7,
          null,
          null,
          1,
          1,
          1,
          1,
          null,
          1,
          null,
          null,
          1,
          null,
          1,
          0,
          null,
          null
        ]
      },
      "/Users/cathyrolfs/TOP/repos/odin-rails-facebook/app/controllers/notifications_controller.rb": {
        "lines": [
          1,
          1,
          9,
          null,
          null,
          1,
          null,
          2,
          2,
          2,
          1,
          1,
          1,
          1,
          0,
          0,
          0,
          null,
          null,
          null,
          1,
          1,
          0,
          null,
          null
        ]
      }
    },
    "timestamp": 1679593416
  }
}
